<?xml version="1.0" encoding="UTF-8"?>
<testng-results ignored="0" total="1" passed="1" failed="0" skipped="0">
  <reporter-output>
    <line>
      <![CDATA[openBroswer]]>
    </line>
    <line>
      <![CDATA[login]]>
    </line>
    <line>
      <![CDATA[createCustomer]]>
    </line>
    <line>
      <![CDATA[logout]]>
    </line>
    <line>
      <![CDATA[closeBrowser]]>
    </line>
  </reporter-output>
  <suite started-at="2023-06-06T14:57:52 IST" name="Default suite" finished-at="2023-06-06T14:58:59 IST" duration-ms="67304">
    <groups>
    </groups>
    <test started-at="2023-06-06T14:57:52 IST" name="Default test" finished-at="2023-06-06T14:58:59 IST" duration-ms="67304">
      <class name="com.actitime.testscript.CustomerModule">
        <test-method is-config="true" signature="openBrowser()[pri:0, instance:com.actitime.testscript.CustomerModule@708f5957]" started-at="2023-06-06T14:57:52 IST" name="openBrowser" finished-at="2023-06-06T14:58:06 IST" duration-ms="13614" status="PASS">
          <reporter-output>
            <line>
              <![CDATA[openBroswer]]>
            </line>
          </reporter-output>
        </test-method> <!-- openBrowser -->
        <test-method is-config="true" signature="login()[pri:0, instance:com.actitime.testscript.CustomerModule@708f5957]" started-at="2023-06-06T14:58:06 IST" name="login" finished-at="2023-06-06T14:58:24 IST" duration-ms="18459" status="PASS">
          <reporter-output>
            <line>
              <![CDATA[login]]>
            </line>
          </reporter-output>
        </test-method> <!-- login -->
        <test-method signature="createCustomer()[pri:0, instance:com.actitime.testscript.CustomerModule@708f5957]" started-at="2023-06-06T14:58:24 IST" name="createCustomer" finished-at="2023-06-06T14:58:55 IST" duration-ms="30777" status="PASS">
          <reporter-output>
            <line>
              <![CDATA[createCustomer]]>
            </line>
          </reporter-output>
        </test-method> <!-- createCustomer -->
        <test-method is-config="true" signature="logout()[pri:0, instance:com.actitime.testscript.CustomerModule@708f5957]" started-at="2023-06-06T14:58:55 IST" name="logout" finished-at="2023-06-06T14:58:58 IST" duration-ms="3200" status="PASS">
          <reporter-output>
            <line>
              <![CDATA[logout]]>
            </line>
          </reporter-output>
        </test-method> <!-- logout -->
        <test-method is-config="true" signature="closeBrowser()[pri:0, instance:com.actitime.testscript.CustomerModule@708f5957]" started-at="2023-06-06T14:58:58 IST" name="closeBrowser" finished-at="2023-06-06T14:58:59 IST" duration-ms="1117" status="PASS">
          <reporter-output>
            <line>
              <![CDATA[closeBrowser]]>
            </line>
          </reporter-output>
        </test-method> <!-- closeBrowser -->
      </class> <!-- com.actitime.testscript.CustomerModule -->
    </test> <!-- Default test -->
  </suite> <!-- Default suite -->
</testng-results>
